SpeechBrain system description
==============================
Python version:
3.9.25 (main, Nov  3 2025, 22:33:05) 
[GCC 11.2.0]
==============================
Installed Python packages:
annotated-doc==0.0.4
anyio==4.12.1
certifi==2026.2.25
cffi==2.0.0
charset-normalizer==3.4.4
click==8.1.8
exceptiongroup==1.3.1
filelock==3.19.1
fsspec==2025.10.0
h11==0.16.0
hf-xet==1.3.2
httpcore==1.0.9
httpx==0.28.1
huggingface_hub==1.5.0
HyperPyYAML==1.2.3
idna==3.11
Jinja2==3.1.6
joblib==1.5.3
markdown-it-py==3.0.0
MarkupSafe==3.0.2
mdurl==0.1.2
mpmath==1.3.0
networkx==3.2.1
numpy==1.26.4
packaging==26.0
pandas==2.3.3
pillow==11.3.0
pycparser==2.23
Pygments==2.19.2
python-dateutil==2.9.0.post0
pytz==2026.1.post1
PyYAML==6.0.3
requests==2.32.5
rich==14.3.3
ruamel.yaml==0.18.17
ruamel.yaml.clib==0.2.15
scipy==1.13.1
sentencepiece==0.2.1
shellingham==1.5.4
six==1.17.0
soundfile==0.13.1
speechbrain==1.0.3
sympy==1.14.0
torch==2.1.0+cu121
torchaudio==2.1.0+cu121
torchvision==0.16.0+cu121
tqdm==4.67.3
triton==2.1.0
typer==0.23.2
typing_extensions==4.15.0
tzdata==2025.3
urllib3==2.6.3
==============================
Git revision:
47d719533
==============================
CUDA version:
12.1