SpeechBrain system description
==============================
Python version:
3.9.25 (main, Nov  3 2025, 22:33:05) 
[GCC 11.2.0]
==============================
Installed Python packages:
annotated-doc==0.0.4
anyio==4.12.1
asttokens @ file:///home/conda/feedstock_root/build_artifacts/asttokens_1733250440834/work
certifi==2026.2.25
cffi==2.0.0
charset-normalizer==3.4.4
click==8.1.8
comm @ file:///home/conda/feedstock_root/build_artifacts/bld/rattler-build_comm_1753453984/work
contourpy==1.3.0
cycler==0.12.1
debugpy @ file:///home/conda/feedstock_root/build_artifacts/bld/rattler-build_debugpy_1754523415/work
decorator @ file:///home/conda/feedstock_root/build_artifacts/decorator_1740384970518/work
exceptiongroup @ file:///home/conda/feedstock_root/build_artifacts/exceptiongroup_1746947292760/work
executing @ file:///home/conda/feedstock_root/build_artifacts/executing_1745502089858/work
filelock==3.19.1
fonttools==4.60.2
fsspec==2025.10.0
h11==0.16.0
hf-xet==1.3.2
httpcore==1.0.9
httpx==0.28.1
huggingface_hub==1.5.0
HyperPyYAML==1.2.3
idna==3.11
importlib_metadata @ file:///home/conda/feedstock_root/build_artifacts/bld/rattler-build_importlib-metadata_1747934053/work
importlib_resources==6.5.2
ipykernel @ file:///home/conda/feedstock_root/build_artifacts/ipykernel_1754352855579/work
ipython @ file:///home/conda/feedstock_root/build_artifacts/ipython_1701831663892/work
jedi @ file:///home/conda/feedstock_root/build_artifacts/jedi_1733300866624/work
Jinja2==3.1.6
joblib==1.5.3
jupyter_client @ file:///home/conda/feedstock_root/build_artifacts/jupyter_client_1733440914442/work
jupyter_core @ file:///home/conda/feedstock_root/build_artifacts/jupyter_core_1748333051527/work
kiwisolver==1.4.7
markdown-it-py==3.0.0
MarkupSafe==3.0.2
matplotlib==3.9.4
matplotlib-inline @ file:///home/conda/feedstock_root/build_artifacts/matplotlib-inline_1733416936468/work
mdurl==0.1.2
mpmath==1.3.0
nest_asyncio @ file:///home/conda/feedstock_root/build_artifacts/nest-asyncio_1733325553580/work
networkx==3.2.1
numpy==1.26.4
packaging @ file:///home/conda/feedstock_root/build_artifacts/bld/rattler-build_packaging_1769093650/work
pandas==2.3.3
parso @ file:///home/conda/feedstock_root/build_artifacts/parso_1733271261340/work
pexpect @ file:///home/conda/feedstock_root/build_artifacts/pexpect_1733301927746/work
pickleshare @ file:///home/conda/feedstock_root/build_artifacts/pickleshare_1733327343728/work
pillow==11.3.0
platformdirs @ file:///home/conda/feedstock_root/build_artifacts/bld/rattler-build_platformdirs_1746710438/work
prompt_toolkit @ file:///home/conda/feedstock_root/build_artifacts/prompt-toolkit_1744724089886/work
psutil @ file:///home/conda/feedstock_root/build_artifacts/psutil_1740663125313/work
ptyprocess @ file:///home/conda/feedstock_root/build_artifacts/ptyprocess_1733302279685/work/dist/ptyprocess-0.7.0-py2.py3-none-any.whl#sha256=92c32ff62b5fd8cf325bec5ab90d7be3d2a8ca8c8a3813ff487a8d2002630d1f
pure_eval @ file:///home/conda/feedstock_root/build_artifacts/pure_eval_1733569405015/work
pycparser==2.23
Pygments @ file:///home/conda/feedstock_root/build_artifacts/pygments_1750615794071/work
pyparsing==3.3.2
python-dateutil @ file:///home/conda/feedstock_root/build_artifacts/bld/rattler-build_python-dateutil_1751104122/work
pytz==2026.1.post1
PyYAML==6.0.3
pyzmq @ file:///home/conda/feedstock_root/build_artifacts/pyzmq_1755799528447/work
requests==2.32.5
rich==14.3.3
ruamel.yaml==0.18.17
ruamel.yaml.clib==0.2.15
scipy==1.13.1
sentencepiece==0.2.1
shellingham==1.5.4
six @ file:///home/conda/feedstock_root/build_artifacts/bld/rattler-build_six_1753199211/work
soundfile==0.13.1
speechbrain==1.0.3
stack_data @ file:///home/conda/feedstock_root/build_artifacts/stack_data_1733569443808/work
sympy==1.14.0
torch==2.1.0+cu121
torchaudio==2.1.0+cu121
torchvision==0.16.0+cu121
tornado @ file:///home/conda/feedstock_root/build_artifacts/tornado_1754731992698/work
tqdm==4.67.3
traitlets @ file:///home/conda/feedstock_root/build_artifacts/traitlets_1733367359838/work
triton==2.1.0
typer==0.23.2
typing_extensions @ file:///home/conda/feedstock_root/build_artifacts/bld/rattler-build_typing_extensions_1751643513/work
tzdata==2025.3
urllib3==2.6.3
wcwidth @ file:///home/conda/feedstock_root/build_artifacts/wcwidth_1733231326287/work
zipp @ file:///home/conda/feedstock_root/build_artifacts/zipp_1749421620841/work
==============================
Could not get git revision==============================
CUDA version:
12.1